<?xml version="1.0" encoding="UTF-8"?>
<testsuite name="com.uom.breporter.service.bug.BugServiceTest" time="0.007" tests="1" errors="1" skipped="0" failures="0">
  <properties>
    <property name="idea.version" value="2016.1"/>
    <property name="java.runtime.name" value="OpenJDK Runtime Environment"/>
    <property name="sun.boot.library.path" value="/Applications/IntelliJ IDEA.app/Contents/jre/jdk/Contents/Home/jre/lib"/>
    <property name="java.vm.version" value="25.40-b25"/>
    <property name="user.country.format" value="GB"/>
    <property name="gopherProxySet" value="false"/>
    <property name="java.vm.vendor" value="Oracle Corporation"/>
    <property name="maven.multiModuleProjectDirectory" value="/Users/fotarik/Documents/breporterJ"/>
    <property name="java.vendor.url" value="https://www.jetbrains.com/"/>
    <property name="path.separator" value=":"/>
    <property name="guice.disable.misplaced.annotation.check" value="true"/>
    <property name="java.vm.name" value="OpenJDK 64-Bit Server VM"/>
    <property name="file.encoding.pkg" value="sun.io"/>
    <property name="idea.launcher.port" value="7536"/>
    <property name="user.country" value="US"/>
    <property name="sun.java.launcher" value="SUN_STANDARD"/>
    <property name="sun.os.patch.level" value="unknown"/>
    <property name="java.vm.specification.name" value="Java Virtual Machine Specification"/>
    <property name="user.dir" value="/Users/fotarik/Documents/breporterJ"/>
    <property name="java.runtime.version" value="1.8.0_40-release-b132"/>
    <property name="java.awt.graphicsenv" value="sun.awt.CGraphicsEnvironment"/>
    <property name="java.endorsed.dirs" value="/Applications/IntelliJ IDEA.app/Contents/jre/jdk/Contents/Home/jre/lib/endorsed"/>
    <property name="os.arch" value="x86_64"/>
    <property name="java.io.tmpdir" value="/var/folders/hm/5fcbzpsd4kzcst0rrnny1_kh2hnsjg/T/"/>
    <property name="line.separator" value="&#10;"/>
    <property name="java.vm.specification.vendor" value="Oracle Corporation"/>
    <property name="os.name" value="Mac OS X"/>
    <property name="classworlds.conf" value="/Users/fotarik/Documents/Java/apache-maven/bin/m2.conf"/>
    <property name="sun.jnu.encoding" value="UTF-8"/>
    <property name="java.library.path" value="/Users/fotarik/Library/Java/Extensions:/Library/Java/Extensions:/Network/Library/Java/Extensions:/System/Library/Java/Extensions:/usr/lib/java:."/>
    <property name="http.proxyPort" value="8080"/>
    <property name="java.specification.name" value="Java Platform API Specification"/>
    <property name="java.class.version" value="52.0"/>
    <property name="sun.management.compiler" value="HotSpot 64-Bit Tiered Compilers"/>
    <property name="maven.repo.local" value="/Users/fotarik/Documents/Java/apache-maven/.m2/repository"/>
    <property name="os.version" value="10.11.3"/>
    <property name="user.home" value="/Users/fotarik"/>
    <property name="user.timezone" value="Europe/London"/>
    <property name="java.awt.printerjob" value="sun.lwawt.macosx.CPrinterJob"/>
    <property name="java.specification.version" value="1.8"/>
    <property name="idea.launcher.bin.path" value="/Applications/IntelliJ IDEA.app/Contents/bin"/>
    <property name="file.encoding" value="UTF-8"/>
    <property name="user.name" value="fotarik"/>
    <property name="java.class.path" value="/Users/fotarik/Documents/Java/apache-maven/boot/plexus-classworlds-2.5.2.jar:/Applications/IntelliJ IDEA.app/Contents/lib/idea_rt.jar"/>
    <property name="java.vm.specification.version" value="1.8"/>
    <property name="sun.arch.data.model" value="64"/>
    <property name="java.home" value="/Applications/IntelliJ IDEA.app/Contents/jre/jdk/Contents/Home/jre"/>
    <property name="sun.java.command" value="com.intellij.rt.execution.application.AppMain org.codehaus.classworlds.Launcher -Didea.version=2016.1 -s /Users/fotarik/Documents/Java/apache-maven/conf/settings.xml -Dmaven.repo.local=/Users/fotarik/Documents/Java/apache-maven/.m2/repository install"/>
    <property name="java.specification.vendor" value="Oracle Corporation"/>
    <property name="user.language" value="en"/>
    <property name="awt.toolkit" value="sun.lwawt.macosx.LWCToolkit"/>
    <property name="java.vm.info" value="mixed mode"/>
    <property name="java.version" value="1.8.0_40-release"/>
    <property name="java.ext.dirs" value="/Users/fotarik/Library/Java/Extensions:/Applications/IntelliJ IDEA.app/Contents/jre/jdk/Contents/Home/jre/lib/ext:/Library/Java/Extensions:/Network/Library/Java/Extensions:/System/Library/Java/Extensions:/usr/lib/java"/>
    <property name="http.proxyHost" value="10.185.207.118"/>
    <property name="sun.boot.class.path" value="/Applications/IntelliJ IDEA.app/Contents/jre/jdk/Contents/Home/jre/lib/resources.jar:/Applications/IntelliJ IDEA.app/Contents/jre/jdk/Contents/Home/jre/lib/rt.jar:/Applications/IntelliJ IDEA.app/Contents/jre/jdk/Contents/Home/jre/lib/sunrsasign.jar:/Applications/IntelliJ IDEA.app/Contents/jre/jdk/Contents/Home/jre/lib/jsse.jar:/Applications/IntelliJ IDEA.app/Contents/jre/jdk/Contents/Home/jre/lib/jce.jar:/Applications/IntelliJ IDEA.app/Contents/jre/jdk/Contents/Home/jre/lib/charsets.jar:/Applications/IntelliJ IDEA.app/Contents/jre/jdk/Contents/Home/jre/lib/jfr.jar:/Applications/IntelliJ IDEA.app/Contents/jre/jdk/Contents/Home/jre/classes"/>
    <property name="java.vendor" value="JetBrains s.r.o"/>
    <property name="maven.home" value="/Users/fotarik/Documents/Java/apache-maven"/>
    <property name="file.separator" value="/"/>
    <property name="java.vendor.url.bug" value="https://youtrack.jetbrains.com"/>
    <property name="sun.cpu.endian" value="little"/>
    <property name="sun.io.unicode.encoding" value="UnicodeBig"/>
    <property name="sun.cpu.isalist" value=""/>
  </properties>
  <testcase name="testGetListForBuildingGrid" classname="com.uom.breporter.service.bug.BugServiceTest" time="0.007">
    <error type="java.lang.NullPointerException:">java.lang.NullPointerException: null
	at com.uom.breporter.service.bug.BugServiceTest.testGetListForBuildingGrid(BugServiceTest.java:60)
</error>
  </testcase>
</testsuite>